<?xml version="1.0" encoding="UTF-8"?>
<!-- Generated by org.testng.reporters.JUnitReportReporter -->
<testsuite hostname="ATMECSINLT-060" failures="0" tests="1" name="net.travelphp.utils.Selectingvalue" time="0.873" errors="0" timestamp="2019-11-29T16:47:46 IST" skipped="0">
  <testcase classname="net.travelphp.utils.Selectingvalue" name="validate" time="0.873"/>
</testsuite> <!-- net.travelphp.utils.Selectingvalue -->
